build/app/intermediates/manifest_merge_blame_file/debug/manifest-merger-blame-debug-report.txt
1<?xml version="1.0" encoding="utf-8"?>
2<manifest xmlns:android="http://schemas.android.com/apk/res/android"
3    package="com.example.inseat"
4    android:versionCode="1"
5    android:versionName="1.0.0" >
6
7    <uses-sdk
8        android:minSdkVersion="16"
9        android:targetSdkVersion="31" />
10    <!--
11         Flutter needs it to communicate with the running application
12         to allow setting breakpoints, to provide hot reload, etc.
13    -->
14    <uses-permission android:name="android.permission.INTERNET" />
14-->src/debug/AndroidManifest.xml:6:5-66
14-->src/debug/AndroidManifest.xml:6:22-64
15    <uses-permission android:name="android.permission.CAMERA" />
15-->src/main/AndroidManifest.xml:3:5-65
15-->src/main/AndroidManifest.xml:3:22-62
16    <uses-permission android:name="android.permission.WRITE_EXTERNAL_STORAGE" />
16-->src/main/AndroidManifest.xml:4:1-76
16-->src/main/AndroidManifest.xml:4:18-74
17    <uses-permission android:name="android.permission.READ_EXTERNAL_STORAGE" />
17-->src/main/AndroidManifest.xml:5:1-75
17-->src/main/AndroidManifest.xml:5:18-73
18    <uses-permission android:name="android.permission.VIBRATE" />
18-->[:qrscan] AndroidManifest.xml:8:5-66
18-->[:qrscan] AndroidManifest.xml:8:22-63
19    <uses-permission android:name="android.permission.FLASHLIGHT" />
19-->[:qrscan] AndroidManifest.xml:9:5-69
19-->[:qrscan] AndroidManifest.xml:9:22-66
20
21    <uses-feature android:name="android.hardware.camera" />
21-->[:qrscan] AndroidManifest.xml:11:5-60
21-->[:qrscan] AndroidManifest.xml:11:19-57
22    <uses-feature android:name="android.hardware.camera.autofocus" />
22-->[:qrscan] AndroidManifest.xml:12:5-70
22-->[:qrscan] AndroidManifest.xml:12:19-67
23
24    <uses-permission android:name="android.permission.WAKE_LOCK" />
24-->[:qrscan] AndroidManifest.xml:14:5-68
24-->[:qrscan] AndroidManifest.xml:14:22-65
25
26    <application
27        android:name="android.app.Application"
28        android:allowBackup="true"
28-->[com.github.leyan95:android-zxingLibrary:0.1.4-PRE] AndroidManifest.xml:13:18-44
29        android:appComponentFactory="androidx.core.app.CoreComponentFactory"
29-->[androidx.core:core:1.6.0] AndroidManifest.xml:24:18-86
30        android:debuggable="true"
31        android:icon="@mipmap/ic_launcher"
32        android:label="inseat" >
33        <activity
34            android:name="com.example.inseat.MainActivity"
35            android:configChanges="orientation|keyboardHidden|keyboard|screenSize|smallestScreenSize|locale|layoutDirection|fontScale|screenLayout|density|uiMode"
36            android:exported="true"
37            android:hardwareAccelerated="true"
38            android:launchMode="singleTop"
39            android:theme="@style/LaunchTheme"
40            android:windowSoftInputMode="adjustResize" >
41
42            <!--
43                 Specifies an Android theme to apply to this Activity as soon as
44                 the Android process has started. This theme is visible to the user
45                 while the Flutter UI initializes. After that, this theme continues
46                 to determine the Window background behind the Flutter UI.
47            -->
48            <meta-data
49                android:name="io.flutter.embedding.android.NormalTheme"
50                android:resource="@style/NormalTheme" />
51
52            <intent-filter>
53                <action android:name="android.intent.action.MAIN" />
54
55                <category android:name="android.intent.category.LAUNCHER" />
56            </intent-filter>
57        </activity>
58        <!--
59             Don't delete the meta-data below.
60             This is used by the Flutter tool to generate GeneratedPluginRegistrant.java
61        -->
62        <meta-data
62-->[:qrscan] AndroidManifest.xml:23:13-25:37
63            android:name="flutterEmbedding"
63-->[:qrscan] AndroidManifest.xml:24:17-48
64            android:value="2" />
64-->[:qrscan] AndroidManifest.xml:25:17-34
65
66        <activity
66-->[:qrscan] AndroidManifest.xml:20:9-26:20
67            android:name="com.shinow.qrscan.SecondActivity"
67-->[:qrscan] AndroidManifest.xml:21:13-60
68            android:theme="@style/Theme.AppCompat.NoActionBar" >
68-->[:qrscan] AndroidManifest.xml:22:13-63
69            <meta-data
69-->[:qrscan] AndroidManifest.xml:23:13-25:37
70                android:name="flutterEmbedding"
70-->[:qrscan] AndroidManifest.xml:24:17-48
71                android:value="2" />
71-->[:qrscan] AndroidManifest.xml:25:17-34
72        </activity>
73
74        <uses-library
74-->[androidx.window:window:1.0.0-beta04] AndroidManifest.xml:25:9-27:40
75            android:name="androidx.window.extensions"
75-->[androidx.window:window:1.0.0-beta04] AndroidManifest.xml:26:13-54
76            android:required="false" />
76-->[androidx.window:window:1.0.0-beta04] AndroidManifest.xml:27:13-37
77        <uses-library
77-->[androidx.window:window:1.0.0-beta04] AndroidManifest.xml:28:9-30:40
78            android:name="androidx.window.sidecar"
78-->[androidx.window:window:1.0.0-beta04] AndroidManifest.xml:29:13-51
79            android:required="false" />
79-->[androidx.window:window:1.0.0-beta04] AndroidManifest.xml:30:13-37
80
81        <provider
81-->[com.squareup.picasso:picasso:2.71828] AndroidManifest.xml:8:9-11:40
82            android:name="com.squareup.picasso.PicassoProvider"
82-->[com.squareup.picasso:picasso:2.71828] AndroidManifest.xml:9:13-64
83            android:authorities="com.example.inseat.com.squareup.picasso"
83-->[com.squareup.picasso:picasso:2.71828] AndroidManifest.xml:10:13-72
84            android:exported="false" />
84-->[com.squareup.picasso:picasso:2.71828] AndroidManifest.xml:11:13-37
85
86        <activity
86-->[pub.devrel:easypermissions:3.0.0] AndroidManifest.xml:12:9-16:66
87            android:name="pub.devrel.easypermissions.AppSettingsDialogHolderActivity"
87-->[pub.devrel:easypermissions:3.0.0] AndroidManifest.xml:13:13-86
88            android:exported="false"
88-->[pub.devrel:easypermissions:3.0.0] AndroidManifest.xml:14:13-37
89            android:label=""
89-->[pub.devrel:easypermissions:3.0.0] AndroidManifest.xml:15:13-29
90            android:theme="@style/EasyPermissions.Transparent" />
90-->[pub.devrel:easypermissions:3.0.0] AndroidManifest.xml:16:13-63
91        <activity
91-->[com.github.leyan95:android-zxingLibrary:0.1.4-PRE] AndroidManifest.xml:14:9-19:63
92            android:name="com.uuzuche.lib_zxing.activity.CaptureActivity"
92-->[com.github.leyan95:android-zxingLibrary:0.1.4-PRE] AndroidManifest.xml:15:13-74
93            android:configChanges="orientation|keyboardHidden"
93-->[com.github.leyan95:android-zxingLibrary:0.1.4-PRE] AndroidManifest.xml:16:13-63
94            android:screenOrientation="portrait"
94-->[com.github.leyan95:android-zxingLibrary:0.1.4-PRE] AndroidManifest.xml:17:13-49
95            android:theme="@style/Theme.AppCompat.NoActionBar"
95-->[com.github.leyan95:android-zxingLibrary:0.1.4-PRE] AndroidManifest.xml:18:13-63
96            android:windowSoftInputMode="stateAlwaysHidden" />
96-->[com.github.leyan95:android-zxingLibrary:0.1.4-PRE] AndroidManifest.xml:19:13-60
97    </application>
98
99</manifest>